{
  "stats": {
    "suites": 6,
    "tests": 13,
    "passes": 13,
    "pending": 0,
    "failures": 0,
    "start": "2024-07-12T04:53:57.998Z",
    "end": "2024-07-12T04:54:14.364Z",
    "duration": 16366
  },
  "tests": [
    {
      "title": "should successfully pass the test for delete request",
      "fullTitle": "Delete API tests using supertest should successfully pass the test for delete request",
      "file": "C:\\Users\\User\\hemanth\\SuperTest_poc\\test\\deleteTest.spec.js",
      "duration": 445,
      "currentRetry": 0,
      "speed": "slow",
      "err": {}
    },
    {
      "title": "should successfully pass the test for get api with query param",
      "fullTitle": "Get API tests using supertest should successfully pass the test for get api with query param",
      "file": "C:\\Users\\User\\hemanth\\SuperTest_poc\\test\\getTest.spec.js",
      "duration": 148,
      "currentRetry": 0,
      "speed": "slow",
      "err": {}
    },
    {
      "title": "should successfully pass the test for get api without query param",
      "fullTitle": "Get API tests using supertest should successfully pass the test for get api without query param",
      "file": "C:\\Users\\User\\hemanth\\SuperTest_poc\\test\\getTest.spec.js",
      "duration": 100,
      "currentRetry": 0,
      "speed": "slow",
      "err": {}
    },
    {
      "title": "should successfully pass the test for get api with path param",
      "fullTitle": "Get API tests using supertest should successfully pass the test for get api with path param",
      "file": "C:\\Users\\User\\hemanth\\SuperTest_poc\\test\\getTest.spec.js",
      "duration": 841,
      "currentRetry": 0,
      "speed": "slow",
      "err": {}
    },
    {
      "title": "should successfully pass the test for patch request",
      "fullTitle": "Patch API tests using supertest should successfully pass the test for patch request",
      "file": "C:\\Users\\User\\hemanth\\SuperTest_poc\\test\\patchTest.spec.js",
      "duration": 412,
      "currentRetry": 0,
      "speed": "slow",
      "err": {}
    },
    {
      "title": "should successfully pass the test for post api",
      "fullTitle": "Post API tests using supertest should successfully pass the test for post api",
      "file": "C:\\Users\\User\\hemanth\\SuperTest_poc\\test\\postTest.spec.js",
      "duration": 409,
      "currentRetry": 0,
      "speed": "slow",
      "err": {}
    },
    {
      "title": "should successfully pass the test for post api",
      "fullTitle": "Put API tests using supertest should successfully pass the test for post api",
      "file": "C:\\Users\\User\\hemanth\\SuperTest_poc\\test\\putTest.spec.js",
      "duration": 409,
      "currentRetry": 0,
      "speed": "slow",
      "err": {}
    },
    {
      "title": "should successfully create a booking",
      "fullTitle": "Restful Booker API Tests should successfully create a booking",
      "file": "C:\\Users\\User\\hemanth\\SuperTest_poc\\test\\restfulbookerTest.spec.js",
      "duration": 1943,
      "currentRetry": 0,
      "speed": "slow",
      "err": {}
    },
    {
      "title": "should fetch the booking of the provided booking id",
      "fullTitle": "Restful Booker API Tests should fetch the booking of the provided booking id",
      "file": "C:\\Users\\User\\hemanth\\SuperTest_poc\\test\\restfulbookerTest.spec.js",
      "duration": 1977,
      "currentRetry": 0,
      "speed": "slow",
      "err": {}
    },
    {
      "title": "should update the booking of the provided booking id using Put request",
      "fullTitle": "Restful Booker API Tests should update the booking of the provided booking id using Put request",
      "file": "C:\\Users\\User\\hemanth\\SuperTest_poc\\test\\restfulbookerTest.spec.js",
      "duration": 1918,
      "currentRetry": 0,
      "speed": "slow",
      "err": {}
    },
    {
      "title": "should update the firstname and lastname of booking of the provided booking id",
      "fullTitle": "Restful Booker API Tests should update the firstname and lastname of booking of the provided booking id",
      "file": "C:\\Users\\User\\hemanth\\SuperTest_poc\\test\\restfulbookerTest.spec.js",
      "duration": 1916,
      "currentRetry": 0,
      "speed": "slow",
      "err": {}
    },
    {
      "title": "should Delete the booking of the provided booking id",
      "fullTitle": "Restful Booker API Tests should Delete the booking of the provided booking id",
      "file": "C:\\Users\\User\\hemanth\\SuperTest_poc\\test\\restfulbookerTest.spec.js",
      "duration": 1936,
      "currentRetry": 0,
      "speed": "slow",
      "err": {}
    },
    {
      "title": "should show 404 status code for deleted booking id",
      "fullTitle": "Restful Booker API Tests should show 404 status code for deleted booking id",
      "file": "C:\\Users\\User\\hemanth\\SuperTest_poc\\test\\restfulbookerTest.spec.js",
      "duration": 1934,
      "currentRetry": 0,
      "speed": "slow",
      "err": {}
    }
  ],
  "pending": [],
  "failures": [],
  "passes": [
    {
      "title": "should successfully pass the test for delete request",
      "fullTitle": "Delete API tests using supertest should successfully pass the test for delete request",
      "file": "C:\\Users\\User\\hemanth\\SuperTest_poc\\test\\deleteTest.spec.js",
      "duration": 445,
      "currentRetry": 0,
      "speed": "slow",
      "err": {}
    },
    {
      "title": "should successfully pass the test for get api with query param",
      "fullTitle": "Get API tests using supertest should successfully pass the test for get api with query param",
      "file": "C:\\Users\\User\\hemanth\\SuperTest_poc\\test\\getTest.spec.js",
      "duration": 148,
      "currentRetry": 0,
      "speed": "slow",
      "err": {}
    },
    {
      "title": "should successfully pass the test for get api without query param",
      "fullTitle": "Get API tests using supertest should successfully pass the test for get api without query param",
      "file": "C:\\Users\\User\\hemanth\\SuperTest_poc\\test\\getTest.spec.js",
      "duration": 100,
      "currentRetry": 0,
      "speed": "slow",
      "err": {}
    },
    {
      "title": "should successfully pass the test for get api with path param",
      "fullTitle": "Get API tests using supertest should successfully pass the test for get api with path param",
      "file": "C:\\Users\\User\\hemanth\\SuperTest_poc\\test\\getTest.spec.js",
      "duration": 841,
      "currentRetry": 0,
      "speed": "slow",
      "err": {}
    },
    {
      "title": "should successfully pass the test for patch request",
      "fullTitle": "Patch API tests using supertest should successfully pass the test for patch request",
      "file": "C:\\Users\\User\\hemanth\\SuperTest_poc\\test\\patchTest.spec.js",
      "duration": 412,
      "currentRetry": 0,
      "speed": "slow",
      "err": {}
    },
    {
      "title": "should successfully pass the test for post api",
      "fullTitle": "Post API tests using supertest should successfully pass the test for post api",
      "file": "C:\\Users\\User\\hemanth\\SuperTest_poc\\test\\postTest.spec.js",
      "duration": 409,
      "currentRetry": 0,
      "speed": "slow",
      "err": {}
    },
    {
      "title": "should successfully pass the test for post api",
      "fullTitle": "Put API tests using supertest should successfully pass the test for post api",
      "file": "C:\\Users\\User\\hemanth\\SuperTest_poc\\test\\putTest.spec.js",
      "duration": 409,
      "currentRetry": 0,
      "speed": "slow",
      "err": {}
    },
    {
      "title": "should successfully create a booking",
      "fullTitle": "Restful Booker API Tests should successfully create a booking",
      "file": "C:\\Users\\User\\hemanth\\SuperTest_poc\\test\\restfulbookerTest.spec.js",
      "duration": 1943,
      "currentRetry": 0,
      "speed": "slow",
      "err": {}
    },
    {
      "title": "should fetch the booking of the provided booking id",
      "fullTitle": "Restful Booker API Tests should fetch the booking of the provided booking id",
      "file": "C:\\Users\\User\\hemanth\\SuperTest_poc\\test\\restfulbookerTest.spec.js",
      "duration": 1977,
      "currentRetry": 0,
      "speed": "slow",
      "err": {}
    },
    {
      "title": "should update the booking of the provided booking id using Put request",
      "fullTitle": "Restful Booker API Tests should update the booking of the provided booking id using Put request",
      "file": "C:\\Users\\User\\hemanth\\SuperTest_poc\\test\\restfulbookerTest.spec.js",
      "duration": 1918,
      "currentRetry": 0,
      "speed": "slow",
      "err": {}
    },
    {
      "title": "should update the firstname and lastname of booking of the provided booking id",
      "fullTitle": "Restful Booker API Tests should update the firstname and lastname of booking of the provided booking id",
      "file": "C:\\Users\\User\\hemanth\\SuperTest_poc\\test\\restfulbookerTest.spec.js",
      "duration": 1916,
      "currentRetry": 0,
      "speed": "slow",
      "err": {}
    },
    {
      "title": "should Delete the booking of the provided booking id",
      "fullTitle": "Restful Booker API Tests should Delete the booking of the provided booking id",
      "file": "C:\\Users\\User\\hemanth\\SuperTest_poc\\test\\restfulbookerTest.spec.js",
      "duration": 1936,
      "currentRetry": 0,
      "speed": "slow",
      "err": {}
    },
    {
      "title": "should show 404 status code for deleted booking id",
      "fullTitle": "Restful Booker API Tests should show 404 status code for deleted booking id",
      "file": "C:\\Users\\User\\hemanth\\SuperTest_poc\\test\\restfulbookerTest.spec.js",
      "duration": 1934,
      "currentRetry": 0,
      "speed": "slow",
      "err": {}
    }
  ]
}